[debug] [2022-03-13T12:01:44.901Z] ----------------------------------------------------------------------
[debug] [2022-03-13T12:01:44.902Z] Command:       /usr/local/bin/node /usr/local/bin/firebase emulators:start --project demo-omerci --only auth,firestore
[debug] [2022-03-13T12:01:44.903Z] CLI Version:   10.2.2
[debug] [2022-03-13T12:01:44.903Z] Platform:      darwin
[debug] [2022-03-13T12:01:44.903Z] Node Version:  v16.14.0
[debug] [2022-03-13T12:01:44.906Z] Time:          Sun Mar 13 2022 13:01:44 GMT+0100 (heure normale d’Europe centrale)
[debug] [2022-03-13T12:01:44.906Z] ----------------------------------------------------------------------
[debug] 
[debug] [2022-03-13T12:01:44.936Z] > command requires scopes: ["email","openid","https://www.googleapis.com/auth/cloudplatformprojects.readonly","https://www.googleapis.com/auth/firebase","https://www.googleapis.com/auth/cloud-platform"]
[debug] [2022-03-13T12:01:44.936Z] > authorizing via signed-in user (yvensbelaston@gmail.com)
[info] i  emulators: Starting emulators: auth, firestore {"metadata":{"emulator":{"name":"hub"},"message":"Starting emulators: auth, firestore"}}
[info] i  emulators: Detected demo project ID "demo-omerci", emulated services will use a demo configuration and attempts to access non-emulated services for this project will fail. {"metadata":{"emulator":{"name":"hub"},"message":"Detected demo project ID \"demo-omerci\", emulated services will use a demo configuration and attempts to access non-emulated services for this project will fail."}}
[debug] [2022-03-13T12:01:44.958Z] [hub] writing locator at /var/folders/z8/wv0gyv652vj1llnhhypbsh380000gn/T/hub-demo-omerci.json
[debug] [2022-03-13T12:01:44.965Z] Ignoring unsupported arg: projectId {"metadata":{"emulator":{"name":"firestore"},"message":"Ignoring unsupported arg: projectId"}}
[debug] [2022-03-13T12:01:44.966Z] Ignoring unsupported arg: auto_download {"metadata":{"emulator":{"name":"firestore"},"message":"Ignoring unsupported arg: auto_download"}}
[debug] [2022-03-13T12:01:44.966Z] Starting Firestore Emulator with command {"binary":"java","args":["-Dgoogle.cloud_firestore.debug_log_level=FINE","-Duser.language=en","-jar","/Users/yvensbelaston/.cache/firebase/emulators/cloud-firestore-emulator-v1.13.1.jar","--host","localhost","--port",8181,"--rules","/Users/yvensbelaston/dev/projects/Omerci/firestore.rules"],"optionalArgs":["port","webchannel_port","host","rules","functions_emulator","seed_from_export"],"joinArgs":false} {"metadata":{"emulator":{"name":"firestore"},"message":"Starting Firestore Emulator with command {\"binary\":\"java\",\"args\":[\"-Dgoogle.cloud_firestore.debug_log_level=FINE\",\"-Duser.language=en\",\"-jar\",\"/Users/yvensbelaston/.cache/firebase/emulators/cloud-firestore-emulator-v1.13.1.jar\",\"--host\",\"localhost\",\"--port\",8181,\"--rules\",\"/Users/yvensbelaston/dev/projects/Omerci/firestore.rules\"],\"optionalArgs\":[\"port\",\"webchannel_port\",\"host\",\"rules\",\"functions_emulator\",\"seed_from_export\"],\"joinArgs\":false}"}}
[info] i  firestore: Firestore Emulator logging to firestore-debug.log {"metadata":{"emulator":{"name":"firestore"},"message":"Firestore Emulator logging to \u001b[1mfirestore-debug.log\u001b[22m"}}
[debug] [2022-03-13T12:01:47.253Z] Mar 13, 2022 1:01:47 PM com.google.cloud.datastore.emulator.firestore.websocket.WebSocketServer start
INFO: Started WebSocket server on ws://localhost:60430
 {"metadata":{"emulator":{"name":"firestore"},"message":"Mar 13, 2022 1:01:47 PM com.google.cloud.datastore.emulator.firestore.websocket.WebSocketServer start\nINFO: Started WebSocket server on ws://localhost:60430\n"}}
[debug] [2022-03-13T12:01:47.335Z] API endpoint: http://localhost {"metadata":{"emulator":{"name":"firestore"},"message":"API endpoint: http://localhost"}}
[debug] [2022-03-13T12:01:47.335Z] :8181
If you are using a library that supports the FIRESTORE_EMULATOR_HOST environment variable, run:

   export FIRESTORE_EMULATOR_HOST=localhost:8181

Dev App Server is now running.

 {"metadata":{"emulator":{"name":"firestore"},"message":":8181\nIf you are using a library that supports the FIRESTORE_EMULATOR_HOST environment variable, run:\n\n   export FIRESTORE_EMULATOR_HOST=localhost:8181\n\nDev App Server is now running.\n\n"}}
[debug] [2022-03-13T12:01:51.877Z] Ignoring unsupported arg: auto_download {"metadata":{"emulator":{"name":"ui"},"message":"Ignoring unsupported arg: auto_download"}}
[debug] [2022-03-13T12:01:51.878Z] Ignoring unsupported arg: port {"metadata":{"emulator":{"name":"ui"},"message":"Ignoring unsupported arg: port"}}
[debug] [2022-03-13T12:01:51.878Z] Starting Emulator UI with command {"binary":"node","args":["/Users/yvensbelaston/.cache/firebase/emulators/ui-v1.6.5/server.bundle.js"],"optionalArgs":[],"joinArgs":false} {"metadata":{"emulator":{"name":"ui"},"message":"Starting Emulator UI with command {\"binary\":\"node\",\"args\":[\"/Users/yvensbelaston/.cache/firebase/emulators/ui-v1.6.5/server.bundle.js\"],\"optionalArgs\":[],\"joinArgs\":false}"}}
[info] i  ui: Emulator UI logging to ui-debug.log {"metadata":{"emulator":{"name":"ui"},"message":"Emulator UI logging to \u001b[1mui-debug.log\u001b[22m"}}
[debug] [2022-03-13T12:01:51.959Z] Web / API server started at localhost:4000
 {"metadata":{"emulator":{"name":"ui"},"message":"Web / API server started at localhost:4000\n"}}
[info] 
┌─────────────────────────────────────────────────────────────┐
│ ✔  All emulators ready! It is now safe to connect your app. │
│ i  View Emulator UI at http://localhost:4000                │
└─────────────────────────────────────────────────────────────┘

┌────────────────┬────────────────┬─────────────────────────────────┐
│ Emulator       │ Host:Port      │ View in Emulator UI             │
├────────────────┼────────────────┼─────────────────────────────────┤
│ Authentication │ localhost:9099 │ http://localhost:4000/auth      │
├────────────────┼────────────────┼─────────────────────────────────┤
│ Firestore      │ localhost:8181 │ http://localhost:4000/firestore │
└────────────────┴────────────────┴─────────────────────────────────┘
  Emulator Hub running at localhost:4400
  Other reserved ports: 4500

Issues? Report them at https://github.com/firebase/firebase-tools/issues and attach the *-debug.log files.
 
[warn] ⚠  canHandleCodeInApp is unsupported in Auth Emulator. All OOB operations will complete via web. {"metadata":{"emulator":{"name":"auth"},"message":"canHandleCodeInApp is unsupported in Auth Emulator. All OOB operations will complete via web."}}
[info] i  To sign in as yvens@gmail.com, follow this link: http://localhost:9099/emulator/action?mode=signIn&lang=en&oobCode=gO2YUG7skXCBneSFIrXmoddzX3cJa7svuACcYEimR7l5a55wqezQ7F&apiKey=fake-api-key&continueUrl=http%3A%2F%2Flocalhost%3A3000%2Flogin {"metadata":{"emulator":{"name":"auth"},"message":"To sign in as yvens@gmail.com, follow this link: http://localhost:9099/emulator/action?mode=signIn&lang=en&oobCode=gO2YUG7skXCBneSFIrXmoddzX3cJa7svuACcYEimR7l5a55wqezQ7F&apiKey=fake-api-key&continueUrl=http%3A%2F%2Flocalhost%3A3000%2Flogin"}}
[debug] [2022-03-13T12:02:16.791Z] Mar 13, 2022 1:02:16 PM io.gapi.emulators.netty.HttpVersionRoutingHandler channelRead
INFO: Detected non-HTTP/2 connection.
 {"metadata":{"emulator":{"name":"firestore"},"message":"Mar 13, 2022 1:02:16 PM io.gapi.emulators.netty.HttpVersionRoutingHandler channelRead\nINFO: Detected non-HTTP/2 connection.\n"}}
[debug] [2022-03-13T12:02:18.410Z] Mar 13, 2022 1:02:18 PM io.gapi.emulators.netty.HttpVersionRoutingHandler channelRead
INFO: Detected non-HTTP/2 connection.
 {"metadata":{"emulator":{"name":"firestore"},"message":"Mar 13, 2022 1:02:18 PM io.gapi.emulators.netty.HttpVersionRoutingHandler channelRead\nINFO: Detected non-HTTP/2 connection.\n"}}
[debug] [2022-03-13T12:02:18.459Z] Mar 13, 2022 1:02:18 PM io.gapi.emulators.netty.HttpVersionRoutingHandler channelRead
INFO: Detected non-HTTP/2 connection.
 {"metadata":{"emulator":{"name":"firestore"},"message":"Mar 13, 2022 1:02:18 PM io.gapi.emulators.netty.HttpVersionRoutingHandler channelRead\nINFO: Detected non-HTTP/2 connection.\n"}}
[debug] [2022-03-13T12:02:19.508Z] Mar 13, 2022 1:02:19 PM io.gapi.emulators.netty.HttpVersionRoutingHandler channelRead
INFO: Detected non-HTTP/2 connection.
 {"metadata":{"emulator":{"name":"firestore"},"message":"Mar 13, 2022 1:02:19 PM io.gapi.emulators.netty.HttpVersionRoutingHandler channelRead\nINFO: Detected non-HTTP/2 connection.\n"}}
[debug] [2022-03-13T12:02:19.833Z] Mar 13, 2022 1:02:19 PM io.gapi.emulators.netty.HttpVersionRoutingHandler channelRead
INFO: Detected non-HTTP/2 connection.
 {"metadata":{"emulator":{"name":"firestore"},"message":"Mar 13, 2022 1:02:19 PM io.gapi.emulators.netty.HttpVersionRoutingHandler channelRead\nINFO: Detected non-HTTP/2 connection.\n"}}
[debug] [2022-03-13T12:02:19.882Z] Mar 13, 2022 1:02:19 PM io.gapi.emulators.netty.HttpVersionRoutingHandler channelRead
INFO: Detected non-HTTP/2 connection.
 {"metadata":{"emulator":{"name":"firestore"},"message":"Mar 13, 2022 1:02:19 PM io.gapi.emulators.netty.HttpVersionRoutingHandler channelRead\nINFO: Detected non-HTTP/2 connection.\n"}}
[debug] [2022-03-13T12:02:20.019Z] Mar 13, 2022 1:02:20 PM io.gapi.emulators.netty.HttpVersionRoutingHandler channelRead
INFO: Detected non-HTTP/2 connection.
 {"metadata":{"emulator":{"name":"firestore"},"message":"Mar 13, 2022 1:02:20 PM io.gapi.emulators.netty.HttpVersionRoutingHandler channelRead\nINFO: Detected non-HTTP/2 connection.\n"}}
[debug] [2022-03-13T12:02:43.591Z] Mar 13, 2022 1:02:43 PM io.gapi.emulators.netty.HttpVersionRoutingHandler channelRead
INFO: Detected non-HTTP/2 connection.
 {"metadata":{"emulator":{"name":"firestore"},"message":"Mar 13, 2022 1:02:43 PM io.gapi.emulators.netty.HttpVersionRoutingHandler channelRead\nINFO: Detected non-HTTP/2 connection.\n"}}
[debug] [2022-03-13T12:02:46.302Z] Mar 13, 2022 1:02:46 PM io.gapi.emulators.netty.HttpVersionRoutingHandler channelRead
INFO: Detected non-HTTP/2 connection.
 {"metadata":{"emulator":{"name":"firestore"},"message":"Mar 13, 2022 1:02:46 PM io.gapi.emulators.netty.HttpVersionRoutingHandler channelRead\nINFO: Detected non-HTTP/2 connection.\n"}}
[debug] [2022-03-13T12:02:46.395Z] Mar 13, 2022 1:02:46 PM io.gapi.emulators.netty.HttpVersionRoutingHandler channelRead
INFO: Detected non-HTTP/2 connection.
 {"metadata":{"emulator":{"name":"firestore"},"message":"Mar 13, 2022 1:02:46 PM io.gapi.emulators.netty.HttpVersionRoutingHandler channelRead\nINFO: Detected non-HTTP/2 connection.\n"}}
[debug] [2022-03-13T12:02:46.465Z] Mar 13, 2022 1:02:46 PM io.gapi.emulators.netty.HttpVersionRoutingHandler channelRead
INFO: Detected non-HTTP/2 connection.
 {"metadata":{"emulator":{"name":"firestore"},"message":"Mar 13, 2022 1:02:46 PM io.gapi.emulators.netty.HttpVersionRoutingHandler channelRead\nINFO: Detected non-HTTP/2 connection.\n"}}
[debug] [2022-03-13T12:02:46.538Z] Mar 13, 2022 1:02:46 PM io.gapi.emulators.netty.HttpVersionRoutingHandler channelRead
INFO: Detected non-HTTP/2 connection.
 {"metadata":{"emulator":{"name":"firestore"},"message":"Mar 13, 2022 1:02:46 PM io.gapi.emulators.netty.HttpVersionRoutingHandler channelRead\nINFO: Detected non-HTTP/2 connection.\n"}}
[debug] [2022-03-13T12:02:49.229Z] Mar 13, 2022 1:02:49 PM io.gapi.emulators.netty.HttpVersionRoutingHandler channelRead
INFO: Detected non-HTTP/2 connection.
 {"metadata":{"emulator":{"name":"firestore"},"message":"Mar 13, 2022 1:02:49 PM io.gapi.emulators.netty.HttpVersionRoutingHandler channelRead\nINFO: Detected non-HTTP/2 connection.\n"}}
[debug] [2022-03-13T12:02:49.652Z] Mar 13, 2022 1:02:49 PM io.gapi.emulators.netty.HttpVersionRoutingHandler channelRead
INFO: Detected non-HTTP/2 connection.
 {"metadata":{"emulator":{"name":"firestore"},"message":"Mar 13, 2022 1:02:49 PM io.gapi.emulators.netty.HttpVersionRoutingHandler channelRead\nINFO: Detected non-HTTP/2 connection.\n"}}
[debug] [2022-03-13T12:02:49.803Z] Mar 13, 2022 1:02:49 PM io.gapi.emulators.netty.HttpVersionRoutingHandler channelRead
INFO: Detected non-HTTP/2 connection.
 {"metadata":{"emulator":{"name":"firestore"},"message":"Mar 13, 2022 1:02:49 PM io.gapi.emulators.netty.HttpVersionRoutingHandler channelRead\nINFO: Detected non-HTTP/2 connection.\n"}}
[debug] [2022-03-13T12:02:49.840Z] Mar 13, 2022 1:02:49 PM io.gapi.emulators.netty.HttpVersionRoutingHandler channelRead
INFO: Detected non-HTTP/2 connection.
 {"metadata":{"emulator":{"name":"firestore"},"message":"Mar 13, 2022 1:02:49 PM io.gapi.emulators.netty.HttpVersionRoutingHandler channelRead\nINFO: Detected non-HTTP/2 connection.\n"}}
[debug] [2022-03-13T12:02:49.871Z] Mar 13, 2022 1:02:49 PM io.gapi.emulators.netty.HttpVersionRoutingHandler channelRead
INFO: Detected non-HTTP/2 connection.
 {"metadata":{"emulator":{"name":"firestore"},"message":"Mar 13, 2022 1:02:49 PM io.gapi.emulators.netty.HttpVersionRoutingHandler channelRead\nINFO: Detected non-HTTP/2 connection.\n"}}
[debug] [2022-03-13T12:02:51.033Z] Mar 13, 2022 1:02:51 PM io.gapi.emulators.netty.HttpVersionRoutingHandler channelRead
INFO: Detected non-HTTP/2 connection.
 {"metadata":{"emulator":{"name":"firestore"},"message":"Mar 13, 2022 1:02:51 PM io.gapi.emulators.netty.HttpVersionRoutingHandler channelRead\nINFO: Detected non-HTTP/2 connection.\n"}}
[debug] [2022-03-13T12:02:51.167Z] Mar 13, 2022 1:02:51 PM io.gapi.emulators.netty.HttpVersionRoutingHandler channelRead
INFO: Detected non-HTTP/2 connection.
 {"metadata":{"emulator":{"name":"firestore"},"message":"Mar 13, 2022 1:02:51 PM io.gapi.emulators.netty.HttpVersionRoutingHandler channelRead\nINFO: Detected non-HTTP/2 connection.\n"}}
[debug] [2022-03-13T12:02:51.196Z] Mar 13, 2022 1:02:51 PM io.gapi.emulators.netty.HttpVersionRoutingHandler channelRead
INFO: Detected non-HTTP/2 connection.
 {"metadata":{"emulator":{"name":"firestore"},"message":"Mar 13, 2022 1:02:51 PM io.gapi.emulators.netty.HttpVersionRoutingHandler channelRead\nINFO: Detected non-HTTP/2 connection.\n"}}
[debug] [2022-03-13T12:02:51.220Z] Mar 13, 2022 1:02:51 PM io.gapi.emulators.netty.HttpVersionRoutingHandler channelRead
INFO: Detected non-HTTP/2 connection.
 {"metadata":{"emulator":{"name":"firestore"},"message":"Mar 13, 2022 1:02:51 PM io.gapi.emulators.netty.HttpVersionRoutingHandler channelRead\nINFO: Detected non-HTTP/2 connection.\n"}}
[debug] [2022-03-13T12:02:52.221Z] Mar 13, 2022 1:02:52 PM io.gapi.emulators.netty.HttpVersionRoutingHandler channelRead
INFO: Detected non-HTTP/2 connection.
 {"metadata":{"emulator":{"name":"firestore"},"message":"Mar 13, 2022 1:02:52 PM io.gapi.emulators.netty.HttpVersionRoutingHandler channelRead\nINFO: Detected non-HTTP/2 connection.\n"}}
[debug] [2022-03-13T12:02:52.338Z] Mar 13, 2022 1:02:52 PM io.gapi.emulators.netty.HttpVersionRoutingHandler channelRead
INFO: Detected non-HTTP/2 connection.
 {"metadata":{"emulator":{"name":"firestore"},"message":"Mar 13, 2022 1:02:52 PM io.gapi.emulators.netty.HttpVersionRoutingHandler channelRead\nINFO: Detected non-HTTP/2 connection.\n"}}
[debug] [2022-03-13T12:02:52.367Z] Mar 13, 2022 1:02:52 PM io.gapi.emulators.netty.HttpVersionRoutingHandler channelRead
INFO: Detected non-HTTP/2 connection.
 {"metadata":{"emulator":{"name":"firestore"},"message":"Mar 13, 2022 1:02:52 PM io.gapi.emulators.netty.HttpVersionRoutingHandler channelRead\nINFO: Detected non-HTTP/2 connection.\n"}}
[debug] [2022-03-13T12:02:52.396Z] Mar 13, 2022 1:02:52 PM io.gapi.emulators.netty.HttpVersionRoutingHandler channelRead
INFO: Detected non-HTTP/2 connection.
 {"metadata":{"emulator":{"name":"firestore"},"message":"Mar 13, 2022 1:02:52 PM io.gapi.emulators.netty.HttpVersionRoutingHandler channelRead\nINFO: Detected non-HTTP/2 connection.\n"}}
[debug] [2022-03-13T12:02:53.123Z] Mar 13, 2022 1:02:53 PM io.gapi.emulators.netty.HttpVersionRoutingHandler channelRead
INFO: Detected non-HTTP/2 connection.
 {"metadata":{"emulator":{"name":"firestore"},"message":"Mar 13, 2022 1:02:53 PM io.gapi.emulators.netty.HttpVersionRoutingHandler channelRead\nINFO: Detected non-HTTP/2 connection.\n"}}
[debug] [2022-03-13T12:02:53.234Z] Mar 13, 2022 1:02:53 PM io.gapi.emulators.netty.HttpVersionRoutingHandler channelRead
INFO: Detected non-HTTP/2 connection.
 {"metadata":{"emulator":{"name":"firestore"},"message":"Mar 13, 2022 1:02:53 PM io.gapi.emulators.netty.HttpVersionRoutingHandler channelRead\nINFO: Detected non-HTTP/2 connection.\n"}}
[debug] [2022-03-13T12:02:53.262Z] Mar 13, 2022 1:02:53 PM io.gapi.emulators.netty.HttpVersionRoutingHandler channelRead
INFO: Detected non-HTTP/2 connection.
 {"metadata":{"emulator":{"name":"firestore"},"message":"Mar 13, 2022 1:02:53 PM io.gapi.emulators.netty.HttpVersionRoutingHandler channelRead\nINFO: Detected non-HTTP/2 connection.\n"}}
[debug] [2022-03-13T12:02:53.288Z] Mar 13, 2022 1:02:53 PM io.gapi.emulators.netty.HttpVersionRoutingHandler channelRead
INFO: Detected non-HTTP/2 connection.
 {"metadata":{"emulator":{"name":"firestore"},"message":"Mar 13, 2022 1:02:53 PM io.gapi.emulators.netty.HttpVersionRoutingHandler channelRead\nINFO: Detected non-HTTP/2 connection.\n"}}
[debug] [2022-03-13T12:02:54.065Z] Mar 13, 2022 1:02:54 PM io.gapi.emulators.netty.HttpVersionRoutingHandler channelRead
INFO: Detected non-HTTP/2 connection.
 {"metadata":{"emulator":{"name":"firestore"},"message":"Mar 13, 2022 1:02:54 PM io.gapi.emulators.netty.HttpVersionRoutingHandler channelRead\nINFO: Detected non-HTTP/2 connection.\n"}}
[debug] [2022-03-13T12:02:54.129Z] Mar 13, 2022 1:02:54 PM io.gapi.emulators.netty.HttpVersionRoutingHandler channelRead
INFO: Detected non-HTTP/2 connection.
 {"metadata":{"emulator":{"name":"firestore"},"message":"Mar 13, 2022 1:02:54 PM io.gapi.emulators.netty.HttpVersionRoutingHandler channelRead\nINFO: Detected non-HTTP/2 connection.\n"}}
[debug] [2022-03-13T12:02:54.157Z] Mar 13, 2022 1:02:54 PM io.gapi.emulators.netty.HttpVersionRoutingHandler channelRead
INFO: Detected non-HTTP/2 connection.
 {"metadata":{"emulator":{"name":"firestore"},"message":"Mar 13, 2022 1:02:54 PM io.gapi.emulators.netty.HttpVersionRoutingHandler channelRead\nINFO: Detected non-HTTP/2 connection.\n"}}
[debug] [2022-03-13T12:02:54.204Z] Mar 13, 2022 1:02:54 PM io.gapi.emulators.netty.HttpVersionRoutingHandler channelRead
INFO: Detected non-HTTP/2 connection.
 {"metadata":{"emulator":{"name":"firestore"},"message":"Mar 13, 2022 1:02:54 PM io.gapi.emulators.netty.HttpVersionRoutingHandler channelRead\nINFO: Detected non-HTTP/2 connection.\n"}}
[debug] [2022-03-13T12:02:55.238Z] Mar 13, 2022 1:02:55 PM io.gapi.emulators.netty.HttpVersionRoutingHandler channelRead
INFO: Detected non-HTTP/2 connection.
 {"metadata":{"emulator":{"name":"firestore"},"message":"Mar 13, 2022 1:02:55 PM io.gapi.emulators.netty.HttpVersionRoutingHandler channelRead\nINFO: Detected non-HTTP/2 connection.\n"}}
[debug] [2022-03-13T12:02:55.308Z] Mar 13, 2022 1:02:55 PM io.gapi.emulators.netty.HttpVersionRoutingHandler channelRead
INFO: Detected non-HTTP/2 connection.
 {"metadata":{"emulator":{"name":"firestore"},"message":"Mar 13, 2022 1:02:55 PM io.gapi.emulators.netty.HttpVersionRoutingHandler channelRead\nINFO: Detected non-HTTP/2 connection.\n"}}
[debug] [2022-03-13T12:02:55.327Z] Mar 13, 2022 1:02:55 PM io.gapi.emulators.netty.HttpVersionRoutingHandler channelRead
INFO: Detected non-HTTP/2 connection.
 {"metadata":{"emulator":{"name":"firestore"},"message":"Mar 13, 2022 1:02:55 PM io.gapi.emulators.netty.HttpVersionRoutingHandler channelRead\nINFO: Detected non-HTTP/2 connection.\n"}}
[debug] [2022-03-13T12:02:55.352Z] Mar 13, 2022 1:02:55 PM io.gapi.emulators.netty.HttpVersionRoutingHandler channelRead
INFO: Detected non-HTTP/2 connection.
 {"metadata":{"emulator":{"name":"firestore"},"message":"Mar 13, 2022 1:02:55 PM io.gapi.emulators.netty.HttpVersionRoutingHandler channelRead\nINFO: Detected non-HTTP/2 connection.\n"}}
[debug] [2022-03-13T12:03:55.374Z] Mar 13, 2022 1:03:55 PM io.gapi.emulators.netty.HttpVersionRoutingHandler channelRead
INFO: Detected non-HTTP/2 connection.
 {"metadata":{"emulator":{"name":"firestore"},"message":"Mar 13, 2022 1:03:55 PM io.gapi.emulators.netty.HttpVersionRoutingHandler channelRead\nINFO: Detected non-HTTP/2 connection.\n"}}
[debug] [2022-03-13T12:03:55.408Z] Mar 13, 2022 1:03:55 PM com.google.cloud.datastore.emulator.firestore.webchannel.FirestoreV1WebChannelAdapter$FirestoreListenHandler onClose
INFO: channel closed
 {"metadata":{"emulator":{"name":"firestore"},"message":"Mar 13, 2022 1:03:55 PM com.google.cloud.datastore.emulator.firestore.webchannel.FirestoreV1WebChannelAdapter$FirestoreListenHandler onClose\nINFO: channel closed\n"}}
[warn] ⚠  canHandleCodeInApp is unsupported in Auth Emulator. All OOB operations will complete via web. {"metadata":{"emulator":{"name":"auth"},"message":"canHandleCodeInApp is unsupported in Auth Emulator. All OOB operations will complete via web."}}
[info] i  To sign in as fake_user@gmail.com, follow this link: http://localhost:9099/emulator/action?mode=signIn&lang=en&oobCode=LTWrD5dplEd6Yq0XgiSxYhiGNqxy3gmIVnGdpDx6KwavJG7MdDeEGL&apiKey=fake-api-key&continueUrl=http%3A%2F%2Flocalhost%3A3000%2Flogin {"metadata":{"emulator":{"name":"auth"},"message":"To sign in as fake_user@gmail.com, follow this link: http://localhost:9099/emulator/action?mode=signIn&lang=en&oobCode=LTWrD5dplEd6Yq0XgiSxYhiGNqxy3gmIVnGdpDx6KwavJG7MdDeEGL&apiKey=fake-api-key&continueUrl=http%3A%2F%2Flocalhost%3A3000%2Flogin"}}
[warn] ⚠  canHandleCodeInApp is unsupported in Auth Emulator. All OOB operations will complete via web. {"metadata":{"emulator":{"name":"auth"},"message":"canHandleCodeInApp is unsupported in Auth Emulator. All OOB operations will complete via web."}}
[info] i  To sign in as fake_user@gmail.com, follow this link: http://localhost:9099/emulator/action?mode=signIn&lang=en&oobCode=Y8x-NvOsiRbiI4rKH803pmiJPT7mIo3FARro7DaCznZVoEPEBIZn3H&apiKey=fake-api-key&continueUrl=http%3A%2F%2Flocalhost%3A3000%2Flogin {"metadata":{"emulator":{"name":"auth"},"message":"To sign in as fake_user@gmail.com, follow this link: http://localhost:9099/emulator/action?mode=signIn&lang=en&oobCode=Y8x-NvOsiRbiI4rKH803pmiJPT7mIo3FARro7DaCznZVoEPEBIZn3H&apiKey=fake-api-key&continueUrl=http%3A%2F%2Flocalhost%3A3000%2Flogin"}}
[warn] ⚠  canHandleCodeInApp is unsupported in Auth Emulator. All OOB operations will complete via web. {"metadata":{"emulator":{"name":"auth"},"message":"canHandleCodeInApp is unsupported in Auth Emulator. All OOB operations will complete via web."}}
[info] i  To sign in as fake_user@gmail.com, follow this link: http://localhost:9099/emulator/action?mode=signIn&lang=en&oobCode=r9_a7sbgpHTbO2ds-GKupHLP1361QxEtXf-Fx7IOZar0dX02db5Pdp&apiKey=fake-api-key&continueUrl=http%3A%2F%2Flocalhost%3A3000%2Flogin {"metadata":{"emulator":{"name":"auth"},"message":"To sign in as fake_user@gmail.com, follow this link: http://localhost:9099/emulator/action?mode=signIn&lang=en&oobCode=r9_a7sbgpHTbO2ds-GKupHLP1361QxEtXf-Fx7IOZar0dX02db5Pdp&apiKey=fake-api-key&continueUrl=http%3A%2F%2Flocalhost%3A3000%2Flogin"}}
[warn] ⚠  canHandleCodeInApp is unsupported in Auth Emulator. All OOB operations will complete via web. {"metadata":{"emulator":{"name":"auth"},"message":"canHandleCodeInApp is unsupported in Auth Emulator. All OOB operations will complete via web."}}
[info] i  To sign in as fake_user@gmail.com, follow this link: http://localhost:9099/emulator/action?mode=signIn&lang=en&oobCode=EDU07QaH3TCRDiDbJxyVkjlINHla0nUXQVQwNaorwg8NhfqGmPhlxe&apiKey=fake-api-key&continueUrl=http%3A%2F%2Flocalhost%3A3000%2Flogin {"metadata":{"emulator":{"name":"auth"},"message":"To sign in as fake_user@gmail.com, follow this link: http://localhost:9099/emulator/action?mode=signIn&lang=en&oobCode=EDU07QaH3TCRDiDbJxyVkjlINHla0nUXQVQwNaorwg8NhfqGmPhlxe&apiKey=fake-api-key&continueUrl=http%3A%2F%2Flocalhost%3A3000%2Flogin"}}
[debug] [2022-03-13T12:05:18.624Z] Mar 13, 2022 1:05:18 PM io.gapi.emulators.netty.HttpVersionRoutingHandler channelRead
INFO: Detected non-HTTP/2 connection.
 {"metadata":{"emulator":{"name":"firestore"},"message":"Mar 13, 2022 1:05:18 PM io.gapi.emulators.netty.HttpVersionRoutingHandler channelRead\nINFO: Detected non-HTTP/2 connection.\n"}}
[debug] [2022-03-13T12:05:18.880Z] Mar 13, 2022 1:05:18 PM io.gapi.emulators.netty.HttpVersionRoutingHandler channelRead
INFO: Detected non-HTTP/2 connection.
 {"metadata":{"emulator":{"name":"firestore"},"message":"Mar 13, 2022 1:05:18 PM io.gapi.emulators.netty.HttpVersionRoutingHandler channelRead\nINFO: Detected non-HTTP/2 connection.\n"}}
[debug] [2022-03-13T12:05:18.931Z] Mar 13, 2022 1:05:18 PM io.gapi.emulators.netty.HttpVersionRoutingHandler channelRead
INFO: Detected non-HTTP/2 connection.
 {"metadata":{"emulator":{"name":"firestore"},"message":"Mar 13, 2022 1:05:18 PM io.gapi.emulators.netty.HttpVersionRoutingHandler channelRead\nINFO: Detected non-HTTP/2 connection.\n"}}
[debug] [2022-03-13T12:05:18.975Z] Mar 13, 2022 1:05:18 PM io.gapi.emulators.netty.HttpVersionRoutingHandler channelRead
INFO: Detected non-HTTP/2 connection.
 {"metadata":{"emulator":{"name":"firestore"},"message":"Mar 13, 2022 1:05:18 PM io.gapi.emulators.netty.HttpVersionRoutingHandler channelRead\nINFO: Detected non-HTTP/2 connection.\n"}}
[warn] ⚠  canHandleCodeInApp is unsupported in Auth Emulator. All OOB operations will complete via web. {"metadata":{"emulator":{"name":"auth"},"message":"canHandleCodeInApp is unsupported in Auth Emulator. All OOB operations will complete via web."}}
[info] i  To sign in as fake_user@gmail.com, follow this link: http://localhost:9099/emulator/action?mode=signIn&lang=en&oobCode=GjMOp0orB0fTmD4Bix_9eG7E5GxCiA8fUz4E_n_vQuDfi64ZHha9pu&apiKey=fake-api-key&continueUrl=http%3A%2F%2Flocalhost%3A3000%2Flogin {"metadata":{"emulator":{"name":"auth"},"message":"To sign in as fake_user@gmail.com, follow this link: http://localhost:9099/emulator/action?mode=signIn&lang=en&oobCode=GjMOp0orB0fTmD4Bix_9eG7E5GxCiA8fUz4E_n_vQuDfi64ZHha9pu&apiKey=fake-api-key&continueUrl=http%3A%2F%2Flocalhost%3A3000%2Flogin"}}
[warn] ⚠  canHandleCodeInApp is unsupported in Auth Emulator. All OOB operations will complete via web. {"metadata":{"emulator":{"name":"auth"},"message":"canHandleCodeInApp is unsupported in Auth Emulator. All OOB operations will complete via web."}}
[info] i  To sign in as fake_user@gmail.com, follow this link: http://localhost:9099/emulator/action?mode=signIn&lang=en&oobCode=qPHisjjpjzB6FmyrA-H558SpNNEPayavxysvZniBH1YJqgTYzEYf3X&apiKey=fake-api-key&continueUrl=http%3A%2F%2Flocalhost%3A3000%2Flogin {"metadata":{"emulator":{"name":"auth"},"message":"To sign in as fake_user@gmail.com, follow this link: http://localhost:9099/emulator/action?mode=signIn&lang=en&oobCode=qPHisjjpjzB6FmyrA-H558SpNNEPayavxysvZniBH1YJqgTYzEYf3X&apiKey=fake-api-key&continueUrl=http%3A%2F%2Flocalhost%3A3000%2Flogin"}}
[warn] ⚠  canHandleCodeInApp is unsupported in Auth Emulator. All OOB operations will complete via web. {"metadata":{"emulator":{"name":"auth"},"message":"canHandleCodeInApp is unsupported in Auth Emulator. All OOB operations will complete via web."}}
[info] i  To sign in as fake_user@gmail.com, follow this link: http://localhost:9099/emulator/action?mode=signIn&lang=en&oobCode=yTJOeqi0ya7oKtzHKWpOjwEcjIm0ldf72B_JljIumWu9Ht_EcPNscj&apiKey=fake-api-key&continueUrl=http%3A%2F%2Flocalhost%3A3000%2Flogin {"metadata":{"emulator":{"name":"auth"},"message":"To sign in as fake_user@gmail.com, follow this link: http://localhost:9099/emulator/action?mode=signIn&lang=en&oobCode=yTJOeqi0ya7oKtzHKWpOjwEcjIm0ldf72B_JljIumWu9Ht_EcPNscj&apiKey=fake-api-key&continueUrl=http%3A%2F%2Flocalhost%3A3000%2Flogin"}}
[warn] ⚠  canHandleCodeInApp is unsupported in Auth Emulator. All OOB operations will complete via web. {"metadata":{"emulator":{"name":"auth"},"message":"canHandleCodeInApp is unsupported in Auth Emulator. All OOB operations will complete via web."}}
[info] i  To sign in as fake_user@gmail.com, follow this link: http://localhost:9099/emulator/action?mode=signIn&lang=en&oobCode=B3FC-r5qx1PAW7EPWk_hp1n0FEAVOeKz_4UW4hggd22w57-wF8GigV&apiKey=fake-api-key&continueUrl=http%3A%2F%2Flocalhost%3A3000%2Flogin {"metadata":{"emulator":{"name":"auth"},"message":"To sign in as fake_user@gmail.com, follow this link: http://localhost:9099/emulator/action?mode=signIn&lang=en&oobCode=B3FC-r5qx1PAW7EPWk_hp1n0FEAVOeKz_4UW4hggd22w57-wF8GigV&apiKey=fake-api-key&continueUrl=http%3A%2F%2Flocalhost%3A3000%2Flogin"}}
[warn] ⚠  canHandleCodeInApp is unsupported in Auth Emulator. All OOB operations will complete via web. {"metadata":{"emulator":{"name":"auth"},"message":"canHandleCodeInApp is unsupported in Auth Emulator. All OOB operations will complete via web."}}
[info] i  To sign in as fake_user@gmail.com, follow this link: http://localhost:9099/emulator/action?mode=signIn&lang=en&oobCode=07bj7Md-V0k2esa4OZOXaT5VTC-nBb4ZaWANkdap1F8oc7aiURHPt2&apiKey=fake-api-key&continueUrl=http%3A%2F%2Flocalhost%3A3000%2Flogin {"metadata":{"emulator":{"name":"auth"},"message":"To sign in as fake_user@gmail.com, follow this link: http://localhost:9099/emulator/action?mode=signIn&lang=en&oobCode=07bj7Md-V0k2esa4OZOXaT5VTC-nBb4ZaWANkdap1F8oc7aiURHPt2&apiKey=fake-api-key&continueUrl=http%3A%2F%2Flocalhost%3A3000%2Flogin"}}
[warn] ⚠  canHandleCodeInApp is unsupported in Auth Emulator. All OOB operations will complete via web. {"metadata":{"emulator":{"name":"auth"},"message":"canHandleCodeInApp is unsupported in Auth Emulator. All OOB operations will complete via web."}}
[info] i  To sign in as fake_user@gmail.com, follow this link: http://localhost:9099/emulator/action?mode=signIn&lang=en&oobCode=1dJKmwEFkmuMf0pEdJlbv_6JnT5E3yybKYfp8JT3oed5LdQFBAcIhg&apiKey=fake-api-key&continueUrl=http%3A%2F%2Flocalhost%3A3000%2Flogin {"metadata":{"emulator":{"name":"auth"},"message":"To sign in as fake_user@gmail.com, follow this link: http://localhost:9099/emulator/action?mode=signIn&lang=en&oobCode=1dJKmwEFkmuMf0pEdJlbv_6JnT5E3yybKYfp8JT3oed5LdQFBAcIhg&apiKey=fake-api-key&continueUrl=http%3A%2F%2Flocalhost%3A3000%2Flogin"}}
[warn] ⚠  canHandleCodeInApp is unsupported in Auth Emulator. All OOB operations will complete via web. {"metadata":{"emulator":{"name":"auth"},"message":"canHandleCodeInApp is unsupported in Auth Emulator. All OOB operations will complete via web."}}
[info] i  To sign in as fake_user@gmail.com, follow this link: http://localhost:9099/emulator/action?mode=signIn&lang=en&oobCode=nRsvJf_njvh7C5w64qPyA1QUAlvpEz1bQuS3XilkNPOVnwvwr2U3de&apiKey=fake-api-key&continueUrl=http%3A%2F%2Flocalhost%3A3000%2Flogin {"metadata":{"emulator":{"name":"auth"},"message":"To sign in as fake_user@gmail.com, follow this link: http://localhost:9099/emulator/action?mode=signIn&lang=en&oobCode=nRsvJf_njvh7C5w64qPyA1QUAlvpEz1bQuS3XilkNPOVnwvwr2U3de&apiKey=fake-api-key&continueUrl=http%3A%2F%2Flocalhost%3A3000%2Flogin"}}
[warn] ⚠  canHandleCodeInApp is unsupported in Auth Emulator. All OOB operations will complete via web. {"metadata":{"emulator":{"name":"auth"},"message":"canHandleCodeInApp is unsupported in Auth Emulator. All OOB operations will complete via web."}}
[info] i  To sign in as fake_user@gmail.com, follow this link: http://localhost:9099/emulator/action?mode=signIn&lang=en&oobCode=MDUcnHwfktYNwiwf0cnYderNlj5BitmDzX3p3vS31biITxThbd5YgQ&apiKey=fake-api-key&continueUrl=http%3A%2F%2Flocalhost%3A3000%2Flogin {"metadata":{"emulator":{"name":"auth"},"message":"To sign in as fake_user@gmail.com, follow this link: http://localhost:9099/emulator/action?mode=signIn&lang=en&oobCode=MDUcnHwfktYNwiwf0cnYderNlj5BitmDzX3p3vS31biITxThbd5YgQ&apiKey=fake-api-key&continueUrl=http%3A%2F%2Flocalhost%3A3000%2Flogin"}}
[debug] [2022-03-13T12:06:19.124Z] Mar 13, 2022 1:06:19 PM io.gapi.emulators.netty.HttpVersionRoutingHandler channelRead
INFO: Detected non-HTTP/2 connection.
 {"metadata":{"emulator":{"name":"firestore"},"message":"Mar 13, 2022 1:06:19 PM io.gapi.emulators.netty.HttpVersionRoutingHandler channelRead\nINFO: Detected non-HTTP/2 connection.\n"}}
[debug] [2022-03-13T12:06:19.634Z] Mar 13, 2022 1:06:19 PM io.gapi.emulators.netty.HttpVersionRoutingHandler channelRead
INFO: Detected non-HTTP/2 connection.
 {"metadata":{"emulator":{"name":"firestore"},"message":"Mar 13, 2022 1:06:19 PM io.gapi.emulators.netty.HttpVersionRoutingHandler channelRead\nINFO: Detected non-HTTP/2 connection.\n"}}
[debug] [2022-03-13T12:06:19.662Z] Mar 13, 2022 1:06:19 PM com.google.cloud.datastore.emulator.firestore.webchannel.FirestoreV1WebChannelAdapter$FirestoreListenHandler onClose
INFO: channel closed
 {"metadata":{"emulator":{"name":"firestore"},"message":"Mar 13, 2022 1:06:19 PM com.google.cloud.datastore.emulator.firestore.webchannel.FirestoreV1WebChannelAdapter$FirestoreListenHandler onClose\nINFO: channel closed\n"}}
[warn] ⚠  canHandleCodeInApp is unsupported in Auth Emulator. All OOB operations will complete via web. {"metadata":{"emulator":{"name":"auth"},"message":"canHandleCodeInApp is unsupported in Auth Emulator. All OOB operations will complete via web."}}
[info] i  To sign in as fake_user@gmail.com, follow this link: http://localhost:9099/emulator/action?mode=signIn&lang=en&oobCode=x4L24EYkamsmzAt2Jceh3HOlhV3cJbhAV2qhK-xhl2mcYWLjK3fp6B&apiKey=fake-api-key&continueUrl=http%3A%2F%2Flocalhost%3A3000%2Flogin {"metadata":{"emulator":{"name":"auth"},"message":"To sign in as fake_user@gmail.com, follow this link: http://localhost:9099/emulator/action?mode=signIn&lang=en&oobCode=x4L24EYkamsmzAt2Jceh3HOlhV3cJbhAV2qhK-xhl2mcYWLjK3fp6B&apiKey=fake-api-key&continueUrl=http%3A%2F%2Flocalhost%3A3000%2Flogin"}}
[warn] ⚠  canHandleCodeInApp is unsupported in Auth Emulator. All OOB operations will complete via web. {"metadata":{"emulator":{"name":"auth"},"message":"canHandleCodeInApp is unsupported in Auth Emulator. All OOB operations will complete via web."}}
[info] i  To sign in as fake_user@gmail.com, follow this link: http://localhost:9099/emulator/action?mode=signIn&lang=en&oobCode=UkCoPIs3LSJh4vkb4lUXolZcY8tUO5YE5rL_qk-NaUsoCEaJJhdOsF&apiKey=fake-api-key&continueUrl=http%3A%2F%2Flocalhost%3A3000%2Flogin {"metadata":{"emulator":{"name":"auth"},"message":"To sign in as fake_user@gmail.com, follow this link: http://localhost:9099/emulator/action?mode=signIn&lang=en&oobCode=UkCoPIs3LSJh4vkb4lUXolZcY8tUO5YE5rL_qk-NaUsoCEaJJhdOsF&apiKey=fake-api-key&continueUrl=http%3A%2F%2Flocalhost%3A3000%2Flogin"}}
[warn] ⚠  canHandleCodeInApp is unsupported in Auth Emulator. All OOB operations will complete via web. {"metadata":{"emulator":{"name":"auth"},"message":"canHandleCodeInApp is unsupported in Auth Emulator. All OOB operations will complete via web."}}
[info] i  To sign in as fake_user@gmail.com, follow this link: http://localhost:9099/emulator/action?mode=signIn&lang=en&oobCode=UNvLtBuYG3cHvCpVeKDwmnX0kIIgvNX4FpkcU_n0E-SUDw175y1psW&apiKey=fake-api-key&continueUrl=http%3A%2F%2Flocalhost%3A3000%2Flogin {"metadata":{"emulator":{"name":"auth"},"message":"To sign in as fake_user@gmail.com, follow this link: http://localhost:9099/emulator/action?mode=signIn&lang=en&oobCode=UNvLtBuYG3cHvCpVeKDwmnX0kIIgvNX4FpkcU_n0E-SUDw175y1psW&apiKey=fake-api-key&continueUrl=http%3A%2F%2Flocalhost%3A3000%2Flogin"}}
[warn] ⚠  canHandleCodeInApp is unsupported in Auth Emulator. All OOB operations will complete via web. {"metadata":{"emulator":{"name":"auth"},"message":"canHandleCodeInApp is unsupported in Auth Emulator. All OOB operations will complete via web."}}
[info] i  To sign in as fake_user@gmail.com, follow this link: http://localhost:9099/emulator/action?mode=signIn&lang=en&oobCode=LJAMguZ2_-1t87cRnpMnIeCdVxAKk-9_4V62IXdfRtyOhRsko1_9e-&apiKey=fake-api-key&continueUrl=http%3A%2F%2Flocalhost%3A3000%2Flogin {"metadata":{"emulator":{"name":"auth"},"message":"To sign in as fake_user@gmail.com, follow this link: http://localhost:9099/emulator/action?mode=signIn&lang=en&oobCode=LJAMguZ2_-1t87cRnpMnIeCdVxAKk-9_4V62IXdfRtyOhRsko1_9e-&apiKey=fake-api-key&continueUrl=http%3A%2F%2Flocalhost%3A3000%2Flogin"}}
[warn] ⚠  canHandleCodeInApp is unsupported in Auth Emulator. All OOB operations will complete via web. {"metadata":{"emulator":{"name":"auth"},"message":"canHandleCodeInApp is unsupported in Auth Emulator. All OOB operations will complete via web."}}
[info] i  To sign in as fake_user@gmail.com, follow this link: http://localhost:9099/emulator/action?mode=signIn&lang=en&oobCode=OsFscEocTIRIPG2S2hJsmSU5tdhuzHHJ4xCOz3GUkIw8b0CAhxJjzV&apiKey=fake-api-key&continueUrl=http%3A%2F%2Flocalhost%3A3000%2Flogin {"metadata":{"emulator":{"name":"auth"},"message":"To sign in as fake_user@gmail.com, follow this link: http://localhost:9099/emulator/action?mode=signIn&lang=en&oobCode=OsFscEocTIRIPG2S2hJsmSU5tdhuzHHJ4xCOz3GUkIw8b0CAhxJjzV&apiKey=fake-api-key&continueUrl=http%3A%2F%2Flocalhost%3A3000%2Flogin"}}
[warn] ⚠  canHandleCodeInApp is unsupported in Auth Emulator. All OOB operations will complete via web. {"metadata":{"emulator":{"name":"auth"},"message":"canHandleCodeInApp is unsupported in Auth Emulator. All OOB operations will complete via web."}}
[info] i  To sign in as fake_user@gmail.com, follow this link: http://localhost:9099/emulator/action?mode=signIn&lang=en&oobCode=9R6mK07JfRI9Cvytf1fSSkcXMVCglqaf0VpPZek_p9jot-NJ65kktY&apiKey=fake-api-key&continueUrl=http%3A%2F%2Flocalhost%3A3000%2Flogin {"metadata":{"emulator":{"name":"auth"},"message":"To sign in as fake_user@gmail.com, follow this link: http://localhost:9099/emulator/action?mode=signIn&lang=en&oobCode=9R6mK07JfRI9Cvytf1fSSkcXMVCglqaf0VpPZek_p9jot-NJ65kktY&apiKey=fake-api-key&continueUrl=http%3A%2F%2Flocalhost%3A3000%2Flogin"}}
[warn] ⚠  canHandleCodeInApp is unsupported in Auth Emulator. All OOB operations will complete via web. {"metadata":{"emulator":{"name":"auth"},"message":"canHandleCodeInApp is unsupported in Auth Emulator. All OOB operations will complete via web."}}
[info] i  To sign in as fake_user@gmail.com, follow this link: http://localhost:9099/emulator/action?mode=signIn&lang=en&oobCode=IP_AGIjE9we8jvHYl0I7rq9mIwYoKMrikvdclv9dpOC9Boozne4pvG&apiKey=fake-api-key&continueUrl=http%3A%2F%2Flocalhost%3A3000%2Flogin {"metadata":{"emulator":{"name":"auth"},"message":"To sign in as fake_user@gmail.com, follow this link: http://localhost:9099/emulator/action?mode=signIn&lang=en&oobCode=IP_AGIjE9we8jvHYl0I7rq9mIwYoKMrikvdclv9dpOC9Boozne4pvG&apiKey=fake-api-key&continueUrl=http%3A%2F%2Flocalhost%3A3000%2Flogin"}}
[warn] ⚠  canHandleCodeInApp is unsupported in Auth Emulator. All OOB operations will complete via web. {"metadata":{"emulator":{"name":"auth"},"message":"canHandleCodeInApp is unsupported in Auth Emulator. All OOB operations will complete via web."}}
[info] i  To sign in as fake_user@gmail.com, follow this link: http://localhost:9099/emulator/action?mode=signIn&lang=en&oobCode=ilX3SAImazAPpccZF7nbOeSidl79U6-zetP-RslFtAdRYmPMT3wt1l&apiKey=fake-api-key&continueUrl=http%3A%2F%2Flocalhost%3A3000%2Flogin {"metadata":{"emulator":{"name":"auth"},"message":"To sign in as fake_user@gmail.com, follow this link: http://localhost:9099/emulator/action?mode=signIn&lang=en&oobCode=ilX3SAImazAPpccZF7nbOeSidl79U6-zetP-RslFtAdRYmPMT3wt1l&apiKey=fake-api-key&continueUrl=http%3A%2F%2Flocalhost%3A3000%2Flogin"}}
[debug] [2022-03-13T12:09:18.123Z] Mar 13, 2022 1:09:18 PM io.gapi.emulators.netty.HttpVersionRoutingHandler channelRead
INFO: Detected non-HTTP/2 connection.
 {"metadata":{"emulator":{"name":"firestore"},"message":"Mar 13, 2022 1:09:18 PM io.gapi.emulators.netty.HttpVersionRoutingHandler channelRead\nINFO: Detected non-HTTP/2 connection.\n"}}
[debug] [2022-03-13T12:09:18.201Z] Mar 13, 2022 1:09:18 PM io.gapi.emulators.netty.HttpVersionRoutingHandler channelRead
INFO: Detected non-HTTP/2 connection.
 {"metadata":{"emulator":{"name":"firestore"},"message":"Mar 13, 2022 1:09:18 PM io.gapi.emulators.netty.HttpVersionRoutingHandler channelRead\nINFO: Detected non-HTTP/2 connection.\n"}}
[debug] [2022-03-13T12:09:18.220Z] Mar 13, 2022 1:09:18 PM io.gapi.emulators.netty.HttpVersionRoutingHandler channelRead
INFO: Detected non-HTTP/2 connection.
 {"metadata":{"emulator":{"name":"firestore"},"message":"Mar 13, 2022 1:09:18 PM io.gapi.emulators.netty.HttpVersionRoutingHandler channelRead\nINFO: Detected non-HTTP/2 connection.\n"}}
[debug] [2022-03-13T12:10:18.374Z] Mar 13, 2022 1:10:18 PM io.gapi.emulators.netty.HttpVersionRoutingHandler channelRead
INFO: Detected non-HTTP/2 connection.
 {"metadata":{"emulator":{"name":"firestore"},"message":"Mar 13, 2022 1:10:18 PM io.gapi.emulators.netty.HttpVersionRoutingHandler channelRead\nINFO: Detected non-HTTP/2 connection.\n"}}
[debug] [2022-03-13T12:10:18.500Z] Mar 13, 2022 1:10:18 PM io.gapi.emulators.netty.HttpVersionRoutingHandler channelRead
INFO: Detected non-HTTP/2 connection.
 {"metadata":{"emulator":{"name":"firestore"},"message":"Mar 13, 2022 1:10:18 PM io.gapi.emulators.netty.HttpVersionRoutingHandler channelRead\nINFO: Detected non-HTTP/2 connection.\n"}}
[debug] [2022-03-13T12:10:18.525Z] Mar 13, 2022 1:10:18 PM com.google.cloud.datastore.emulator.firestore.webchannel.FirestoreV1WebChannelAdapter$FirestoreWriteHandler onClose
INFO: channel closed
 {"metadata":{"emulator":{"name":"firestore"},"message":"Mar 13, 2022 1:10:18 PM com.google.cloud.datastore.emulator.firestore.webchannel.FirestoreV1WebChannelAdapter$FirestoreWriteHandler onClose\nINFO: channel closed\n"}}
[debug] [2022-03-13T12:15:48.550Z] Mar 13, 2022 1:15:48 PM io.gapi.emulators.netty.HttpVersionRoutingHandler channelRead
INFO: Detected non-HTTP/2 connection.
 {"metadata":{"emulator":{"name":"firestore"},"message":"Mar 13, 2022 1:15:48 PM io.gapi.emulators.netty.HttpVersionRoutingHandler channelRead\nINFO: Detected non-HTTP/2 connection.\n"}}
[debug] [2022-03-13T12:15:48.653Z] Mar 13, 2022 1:15:48 PM io.gapi.emulators.netty.HttpVersionRoutingHandler channelRead
INFO: Detected non-HTTP/2 connection.
 {"metadata":{"emulator":{"name":"firestore"},"message":"Mar 13, 2022 1:15:48 PM io.gapi.emulators.netty.HttpVersionRoutingHandler channelRead\nINFO: Detected non-HTTP/2 connection.\n"}}
[debug] [2022-03-13T12:15:48.686Z] Mar 13, 2022 1:15:48 PM io.gapi.emulators.netty.HttpVersionRoutingHandler channelRead
INFO: Detected non-HTTP/2 connection.
 {"metadata":{"emulator":{"name":"firestore"},"message":"Mar 13, 2022 1:15:48 PM io.gapi.emulators.netty.HttpVersionRoutingHandler channelRead\nINFO: Detected non-HTTP/2 connection.\n"}}
[debug] [2022-03-13T12:15:50.141Z] Mar 13, 2022 1:15:50 PM io.gapi.emulators.netty.HttpVersionRoutingHandler channelRead
INFO: Detected non-HTTP/2 connection.
 {"metadata":{"emulator":{"name":"firestore"},"message":"Mar 13, 2022 1:15:50 PM io.gapi.emulators.netty.HttpVersionRoutingHandler channelRead\nINFO: Detected non-HTTP/2 connection.\n"}}
[debug] [2022-03-13T12:15:50.246Z] Mar 13, 2022 1:15:50 PM io.gapi.emulators.netty.HttpVersionRoutingHandler channelRead
INFO: Detected non-HTTP/2 connection.
 {"metadata":{"emulator":{"name":"firestore"},"message":"Mar 13, 2022 1:15:50 PM io.gapi.emulators.netty.HttpVersionRoutingHandler channelRead\nINFO: Detected non-HTTP/2 connection.\n"}}
[debug] [2022-03-13T12:15:50.278Z] Mar 13, 2022 1:15:50 PM io.gapi.emulators.netty.HttpVersionRoutingHandler channelRead
INFO: Detected non-HTTP/2 connection.
 {"metadata":{"emulator":{"name":"firestore"},"message":"Mar 13, 2022 1:15:50 PM io.gapi.emulators.netty.HttpVersionRoutingHandler channelRead\nINFO: Detected non-HTTP/2 connection.\n"}}
[debug] [2022-03-13T12:15:50.349Z] Mar 13, 2022 1:15:50 PM io.gapi.emulators.netty.HttpVersionRoutingHandler channelRead
INFO: Detected non-HTTP/2 connection.
 {"metadata":{"emulator":{"name":"firestore"},"message":"Mar 13, 2022 1:15:50 PM io.gapi.emulators.netty.HttpVersionRoutingHandler channelRead\nINFO: Detected non-HTTP/2 connection.\n"}}
[debug] [2022-03-13T12:16:03.447Z] Mar 13, 2022 1:16:03 PM io.gapi.emulators.netty.HttpVersionRoutingHandler channelRead
INFO: Detected non-HTTP/2 connection.
 {"metadata":{"emulator":{"name":"firestore"},"message":"Mar 13, 2022 1:16:03 PM io.gapi.emulators.netty.HttpVersionRoutingHandler channelRead\nINFO: Detected non-HTTP/2 connection.\n"}}
[debug] [2022-03-13T12:16:07.630Z] Mar 13, 2022 1:16:07 PM io.gapi.emulators.netty.HttpVersionRoutingHandler channelRead
INFO: Detected non-HTTP/2 connection.
 {"metadata":{"emulator":{"name":"firestore"},"message":"Mar 13, 2022 1:16:07 PM io.gapi.emulators.netty.HttpVersionRoutingHandler channelRead\nINFO: Detected non-HTTP/2 connection.\n"}}
[debug] [2022-03-13T12:16:07.709Z] Mar 13, 2022 1:16:07 PM io.gapi.emulators.netty.HttpVersionRoutingHandler channelRead
INFO: Detected non-HTTP/2 connection.
 {"metadata":{"emulator":{"name":"firestore"},"message":"Mar 13, 2022 1:16:07 PM io.gapi.emulators.netty.HttpVersionRoutingHandler channelRead\nINFO: Detected non-HTTP/2 connection.\n"}}
[debug] [2022-03-13T12:16:08.073Z] Mar 13, 2022 1:16:08 PM io.gapi.emulators.netty.HttpVersionRoutingHandler channelRead
INFO: Detected non-HTTP/2 connection.
 {"metadata":{"emulator":{"name":"firestore"},"message":"Mar 13, 2022 1:16:08 PM io.gapi.emulators.netty.HttpVersionRoutingHandler channelRead\nINFO: Detected non-HTTP/2 connection.\n"}}
[debug] [2022-03-13T12:16:08.152Z] Mar 13, 2022 1:16:08 PM io.gapi.emulators.netty.HttpVersionRoutingHandler channelRead
INFO: Detected non-HTTP/2 connection.
 {"metadata":{"emulator":{"name":"firestore"},"message":"Mar 13, 2022 1:16:08 PM io.gapi.emulators.netty.HttpVersionRoutingHandler channelRead\nINFO: Detected non-HTTP/2 connection.\n"}}
[debug] [2022-03-13T12:16:16.407Z] Mar 13, 2022 1:16:16 PM io.gapi.emulators.netty.HttpVersionRoutingHandler channelRead
INFO: Detected non-HTTP/2 connection.
 {"metadata":{"emulator":{"name":"firestore"},"message":"Mar 13, 2022 1:16:16 PM io.gapi.emulators.netty.HttpVersionRoutingHandler channelRead\nINFO: Detected non-HTTP/2 connection.\n"}}
[debug] [2022-03-13T12:16:32.103Z] Mar 13, 2022 1:16:32 PM io.gapi.emulators.netty.HttpVersionRoutingHandler channelRead
INFO: Detected non-HTTP/2 connection.
 {"metadata":{"emulator":{"name":"firestore"},"message":"Mar 13, 2022 1:16:32 PM io.gapi.emulators.netty.HttpVersionRoutingHandler channelRead\nINFO: Detected non-HTTP/2 connection.\n"}}
[debug] [2022-03-13T12:16:32.107Z] Mar 13, 2022 1:16:32 PM io.gapi.emulators.netty.HttpVersionRoutingHandler channelRead
INFO: Detected non-HTTP/2 connection.
 {"metadata":{"emulator":{"name":"firestore"},"message":"Mar 13, 2022 1:16:32 PM io.gapi.emulators.netty.HttpVersionRoutingHandler channelRead\nINFO: Detected non-HTTP/2 connection.\n"}}
[debug] [2022-03-13T12:16:32.185Z] Mar 13, 2022 1:16:32 PM com.google.cloud.datastore.emulator.firestore.webchannel.FirestoreV1WebChannelAdapter$FirestoreListenHandler onClose
INFO: channel closed
 {"metadata":{"emulator":{"name":"firestore"},"message":"Mar 13, 2022 1:16:32 PM com.google.cloud.datastore.emulator.firestore.webchannel.FirestoreV1WebChannelAdapter$FirestoreListenHandler onClose\nINFO: channel closed\n"}}
[debug] [2022-03-13T12:16:32.203Z] Mar 13, 2022 1:16:32 PM com.google.cloud.datastore.emulator.firestore.webchannel.FirestoreV1WebChannelAdapter$FirestoreWriteHandler onClose
INFO: channel closed
 {"metadata":{"emulator":{"name":"firestore"},"message":"Mar 13, 2022 1:16:32 PM com.google.cloud.datastore.emulator.firestore.webchannel.FirestoreV1WebChannelAdapter$FirestoreWriteHandler onClose\nINFO: channel closed\n"}}
